ARM GAS  C:\Users\digit\AppData\Local\Temp\ccnGGpzR.s 			page 1


   1              		.cpu cortex-m7
   2              		.eabi_attribute 28, 1
   3              		.eabi_attribute 20, 1
   4              		.eabi_attribute 21, 1
   5              		.eabi_attribute 23, 3
   6              		.eabi_attribute 24, 1
   7              		.eabi_attribute 25, 1
   8              		.eabi_attribute 26, 1
   9              		.eabi_attribute 30, 2
  10              		.eabi_attribute 34, 1
  11              		.eabi_attribute 18, 4
  12              		.file	"LinearEnvelope.cpp"
  13              		.text
  14              	.Ltext0:
  15              		.cfi_sections	.debug_frame
  16              		.section	.text._ZN14LinearEnvelopeC2Ev,"ax",%progbits
  17              		.align	1
  18              		.p2align 2,,3
  19              		.global	_ZN14LinearEnvelopeC2Ev
  20              		.arch armv7e-m
  21              		.syntax unified
  22              		.thumb
  23              		.thumb_func
  24              		.fpu fpv5-d16
  26              	_ZN14LinearEnvelopeC2Ev:
  27              	.LVL0:
  28              	.LFB545:
  29              		.file 1 "dsp/modulation/LinearEnvelope.cpp"
   1:dsp/modulation/LinearEnvelope.cpp **** #include "LinearEnvelope.hpp"
   2:dsp/modulation/LinearEnvelope.cpp **** 
   3:dsp/modulation/LinearEnvelope.cpp **** LinearEnvelope::LinearEnvelope() {
  30              		.loc 1 3 1 view -0
  31              		.cfi_startproc
  32              		@ args = 0, pretend = 0, frame = 0
  33              		@ frame_needed = 0, uses_anonymous_args = 0
  34              		@ link register save eliminated.
  35              	.LBB13:
   4:dsp/modulation/LinearEnvelope.cpp ****     _value = 0.f;
  36              		.loc 1 4 5 view .LVU1
  37              		.loc 1 4 12 is_stmt 0 view .LVU2
  38 0000 0021     		movs	r1, #0
   5:dsp/modulation/LinearEnvelope.cpp ****     _t = 0.f;
   6:dsp/modulation/LinearEnvelope.cpp ****     _running = false;
  39              		.loc 1 6 14 view .LVU3
  40 0002 4FF0000C 		mov	ip, #0
   7:dsp/modulation/LinearEnvelope.cpp ****     _justFinished = false;
   8:dsp/modulation/LinearEnvelope.cpp ****     _time = 1.f;
  41              		.loc 1 8 11 view .LVU4
  42 0006 4FF07E52 		mov	r2, #1065353216
   4:dsp/modulation/LinearEnvelope.cpp ****     _t = 0.f;
  43              		.loc 1 4 12 view .LVU5
  44 000a 0160     		str	r1, [r0]	@ float
   5:dsp/modulation/LinearEnvelope.cpp ****     _t = 0.f;
  45              		.loc 1 5 5 is_stmt 1 view .LVU6
   5:dsp/modulation/LinearEnvelope.cpp ****     _t = 0.f;
  46              		.loc 1 5 8 is_stmt 0 view .LVU7
  47 000c 8160     		str	r1, [r0, #8]	@ float
ARM GAS  C:\Users\digit\AppData\Local\Temp\ccnGGpzR.s 			page 2


   6:dsp/modulation/LinearEnvelope.cpp ****     _justFinished = false;
  48              		.loc 1 6 5 is_stmt 1 view .LVU8
  49              	.LBB14:
  50              	.LBB15:
   9:dsp/modulation/LinearEnvelope.cpp ****     _sampleRate = 48000.0;
  10:dsp/modulation/LinearEnvelope.cpp ****     setStartEndPoints(0.f, 1.f);
  11:dsp/modulation/LinearEnvelope.cpp **** }
  12:dsp/modulation/LinearEnvelope.cpp **** 
  13:dsp/modulation/LinearEnvelope.cpp **** float LinearEnvelope::process() {
  14:dsp/modulation/LinearEnvelope.cpp ****     if(_running) {
  15:dsp/modulation/LinearEnvelope.cpp ****         _t += _deltaT;
  16:dsp/modulation/LinearEnvelope.cpp ****         _value = _t * _m + _start;
  17:dsp/modulation/LinearEnvelope.cpp ****     }
  18:dsp/modulation/LinearEnvelope.cpp ****     else {
  19:dsp/modulation/LinearEnvelope.cpp ****         _justFinished = false;
  20:dsp/modulation/LinearEnvelope.cpp ****     }
  21:dsp/modulation/LinearEnvelope.cpp ****     if(_t >= 1.f && _running) {
  22:dsp/modulation/LinearEnvelope.cpp ****         _t = 0.f;
  23:dsp/modulation/LinearEnvelope.cpp ****         _running = false;
  24:dsp/modulation/LinearEnvelope.cpp ****         _justFinished = true;
  25:dsp/modulation/LinearEnvelope.cpp ****     }
  26:dsp/modulation/LinearEnvelope.cpp ****     return _value;
  27:dsp/modulation/LinearEnvelope.cpp **** }
  28:dsp/modulation/LinearEnvelope.cpp **** 
  29:dsp/modulation/LinearEnvelope.cpp **** void LinearEnvelope::trigger() {
  30:dsp/modulation/LinearEnvelope.cpp ****     _t = 0.f;
  31:dsp/modulation/LinearEnvelope.cpp ****     _running = true;
  32:dsp/modulation/LinearEnvelope.cpp ****     _justFinished = false;
  33:dsp/modulation/LinearEnvelope.cpp **** }
  34:dsp/modulation/LinearEnvelope.cpp **** 
  35:dsp/modulation/LinearEnvelope.cpp **** void LinearEnvelope::setStartEndPoints(float startPoint, float endPoint) {
  36:dsp/modulation/LinearEnvelope.cpp ****     _start = startPoint;
  51              		.loc 1 36 12 is_stmt 0 view .LVU9
  52 000e 8161     		str	r1, [r0, #24]	@ float
  53              	.LBE15:
  54              	.LBE14:
   6:dsp/modulation/LinearEnvelope.cpp ****     _justFinished = false;
  55              		.loc 1 6 14 view .LVU10
  56 0010 80F824C0 		strb	ip, [r0, #36]
   7:dsp/modulation/LinearEnvelope.cpp ****     _time = 1.f;
  57              		.loc 1 7 5 is_stmt 1 view .LVU11
  58              	.LBB25:
  59              	.LBB22:
  60              	.LBB16:
  61              	.LBB17:
  37:dsp/modulation/LinearEnvelope.cpp ****     _end = endPoint;
  38:dsp/modulation/LinearEnvelope.cpp ****     calculateDeltaV();
  39:dsp/modulation/LinearEnvelope.cpp **** }
  40:dsp/modulation/LinearEnvelope.cpp **** 
  41:dsp/modulation/LinearEnvelope.cpp **** void LinearEnvelope::setTime(float time) {
  42:dsp/modulation/LinearEnvelope.cpp ****     _time = time;
  43:dsp/modulation/LinearEnvelope.cpp ****     calculateDeltaV();
  44:dsp/modulation/LinearEnvelope.cpp **** }
  45:dsp/modulation/LinearEnvelope.cpp **** 
  46:dsp/modulation/LinearEnvelope.cpp **** void LinearEnvelope::setSampleRate(float sampleRate) {
  47:dsp/modulation/LinearEnvelope.cpp ****     _sampleRate = sampleRate;
  48:dsp/modulation/LinearEnvelope.cpp ****     calculateDeltaV();
ARM GAS  C:\Users\digit\AppData\Local\Temp\ccnGGpzR.s 			page 3


  49:dsp/modulation/LinearEnvelope.cpp **** }
  50:dsp/modulation/LinearEnvelope.cpp **** 
  51:dsp/modulation/LinearEnvelope.cpp **** void LinearEnvelope::calculateDeltaV() {
  52:dsp/modulation/LinearEnvelope.cpp ****     _m = _end - _start;
  53:dsp/modulation/LinearEnvelope.cpp ****     _deltaT = 1.f / (_time * _sampleRate);
  62              		.loc 1 53 13 is_stmt 0 view .LVU12
  63 0014 0549     		ldr	r1, .L3
  64              	.LBE17:
  65              	.LBE16:
  66              	.LBE22:
  67              	.LBE25:
   7:dsp/modulation/LinearEnvelope.cpp ****     _time = 1.f;
  68              		.loc 1 7 19 view .LVU13
  69 0016 80F804C0 		strb	ip, [r0, #4]
   8:dsp/modulation/LinearEnvelope.cpp ****     _sampleRate = 48000.0;
  70              		.loc 1 8 5 is_stmt 1 view .LVU14
   9:dsp/modulation/LinearEnvelope.cpp ****     setStartEndPoints(0.f, 1.f);
  71              		.loc 1 9 17 is_stmt 0 view .LVU15
  72 001a DFF814C0 		ldr	ip, .L3+4
   8:dsp/modulation/LinearEnvelope.cpp ****     _sampleRate = 48000.0;
  73              		.loc 1 8 11 view .LVU16
  74 001e C260     		str	r2, [r0, #12]	@ float
   9:dsp/modulation/LinearEnvelope.cpp ****     setStartEndPoints(0.f, 1.f);
  75              		.loc 1 9 5 is_stmt 1 view .LVU17
  76              	.LBB26:
  77              	.LBB23:
  37:dsp/modulation/LinearEnvelope.cpp ****     _end = endPoint;
  78              		.loc 1 37 10 is_stmt 0 view .LVU18
  79 0020 C261     		str	r2, [r0, #28]	@ float
  80              	.LBB20:
  81              	.LBB18:
  52:dsp/modulation/LinearEnvelope.cpp ****     _deltaT = 1.f / (_time * _sampleRate);
  82              		.loc 1 52 8 view .LVU19
  83 0022 0261     		str	r2, [r0, #16]	@ float
  84              	.LBE18:
  85              	.LBE20:
  86              	.LBE23:
  87              	.LBE26:
   9:dsp/modulation/LinearEnvelope.cpp ****     setStartEndPoints(0.f, 1.f);
  88              		.loc 1 9 17 view .LVU20
  89 0024 C0F820C0 		str	ip, [r0, #32]	@ float
  10:dsp/modulation/LinearEnvelope.cpp **** }
  90              		.loc 1 10 5 is_stmt 1 view .LVU21
  91              	.LVL1:
  92              	.LBB27:
  93              	.LBI14:
  35:dsp/modulation/LinearEnvelope.cpp ****     _start = startPoint;
  94              		.loc 1 35 6 view .LVU22
  95              	.LBB24:
  36:dsp/modulation/LinearEnvelope.cpp ****     _end = endPoint;
  96              		.loc 1 36 5 view .LVU23
  37:dsp/modulation/LinearEnvelope.cpp ****     calculateDeltaV();
  97              		.loc 1 37 5 view .LVU24
  38:dsp/modulation/LinearEnvelope.cpp **** }
  98              		.loc 1 38 5 view .LVU25
  99              	.LBB21:
 100              	.LBI16:
ARM GAS  C:\Users\digit\AppData\Local\Temp\ccnGGpzR.s 			page 4


  51:dsp/modulation/LinearEnvelope.cpp ****     _m = _end - _start;
 101              		.loc 1 51 6 view .LVU26
 102              	.LBB19:
  52:dsp/modulation/LinearEnvelope.cpp ****     _deltaT = 1.f / (_time * _sampleRate);
 103              		.loc 1 52 5 view .LVU27
 104              		.loc 1 53 5 view .LVU28
 105              		.loc 1 53 13 is_stmt 0 view .LVU29
 106 0028 4161     		str	r1, [r0, #20]	@ float
 107              	.LVL2:
 108              		.loc 1 53 13 view .LVU30
 109              	.LBE19:
 110              	.LBE21:
 111              	.LBE24:
 112              	.LBE27:
 113              	.LBE13:
  11:dsp/modulation/LinearEnvelope.cpp **** 
 114              		.loc 1 11 1 view .LVU31
 115 002a 7047     		bx	lr
 116              	.L4:
 117              		.align	2
 118              	.L3:
 119 002c 3EC3AE37 		.word	934200126
 120 0030 00803B47 		.word	1195081728
 121              		.cfi_endproc
 122              	.LFE545:
 124              		.global	_ZN14LinearEnvelopeC1Ev
 125              		.thumb_set _ZN14LinearEnvelopeC1Ev,_ZN14LinearEnvelopeC2Ev
 126              		.section	.text._ZN14LinearEnvelope7processEv,"ax",%progbits
 127              		.align	1
 128              		.p2align 2,,3
 129              		.global	_ZN14LinearEnvelope7processEv
 130              		.syntax unified
 131              		.thumb
 132              		.thumb_func
 133              		.fpu fpv5-d16
 135              	_ZN14LinearEnvelope7processEv:
 136              	.LVL3:
 137              	.LFB547:
  13:dsp/modulation/LinearEnvelope.cpp ****     if(_running) {
 138              		.loc 1 13 33 is_stmt 1 view -0
 139              		.cfi_startproc
 140              		@ args = 0, pretend = 0, frame = 0
 141              		@ frame_needed = 0, uses_anonymous_args = 0
 142              		@ link register save eliminated.
  14:dsp/modulation/LinearEnvelope.cpp ****         _t += _deltaT;
 143              		.loc 1 14 5 view .LVU33
 144 0000 90F82430 		ldrb	r3, [r0, #36]	@ zero_extendqisi2
 145 0004 F3B1     		cbz	r3, .L6
  15:dsp/modulation/LinearEnvelope.cpp ****         _value = _t * _m + _start;
 146              		.loc 1 15 9 view .LVU34
  15:dsp/modulation/LinearEnvelope.cpp ****         _value = _t * _m + _start;
 147              		.loc 1 15 12 is_stmt 0 view .LVU35
 148 0006 D0ED027A 		vldr.32	s15, [r0, #8]
 149 000a 90ED057A 		vldr.32	s14, [r0, #20]
  16:dsp/modulation/LinearEnvelope.cpp ****     }
 150              		.loc 1 16 26 view .LVU36
 151 000e D0ED046A 		vldr.32	s13, [r0, #16]
ARM GAS  C:\Users\digit\AppData\Local\Temp\ccnGGpzR.s 			page 5


  15:dsp/modulation/LinearEnvelope.cpp ****         _value = _t * _m + _start;
 152              		.loc 1 15 12 view .LVU37
 153 0012 77EE877A 		vadd.f32	s15, s15, s14
  16:dsp/modulation/LinearEnvelope.cpp ****     }
 154              		.loc 1 16 26 view .LVU38
 155 0016 90ED060A 		vldr.32	s0, [r0, #24]
  21:dsp/modulation/LinearEnvelope.cpp ****         _t = 0.f;
 156              		.loc 1 21 5 view .LVU39
 157 001a B7EE007A 		vmov.f32	s14, #1.0e+0
  16:dsp/modulation/LinearEnvelope.cpp ****     }
 158              		.loc 1 16 26 view .LVU40
 159 001e A7EEA60A 		vfma.f32	s0, s15, s13
  15:dsp/modulation/LinearEnvelope.cpp ****         _value = _t * _m + _start;
 160              		.loc 1 15 12 view .LVU41
 161 0022 C0ED027A 		vstr.32	s15, [r0, #8]
  16:dsp/modulation/LinearEnvelope.cpp ****     }
 162              		.loc 1 16 9 is_stmt 1 view .LVU42
  21:dsp/modulation/LinearEnvelope.cpp ****         _t = 0.f;
 163              		.loc 1 21 5 is_stmt 0 view .LVU43
 164 0026 F4EEC77A 		vcmpe.f32	s15, s14
 165 002a F1EE10FA 		vmrs	APSR_nzcv, FPSCR
  16:dsp/modulation/LinearEnvelope.cpp ****     }
 166              		.loc 1 16 16 view .LVU44
 167 002e 80ED000A 		vstr.32	s0, [r0]
  21:dsp/modulation/LinearEnvelope.cpp ****         _t = 0.f;
 168              		.loc 1 21 5 is_stmt 1 view .LVU45
 169 0032 0BDB     		blt	.L9
  22:dsp/modulation/LinearEnvelope.cpp ****         _running = false;
 170              		.loc 1 22 9 view .LVU46
  22:dsp/modulation/LinearEnvelope.cpp ****         _running = false;
 171              		.loc 1 22 12 is_stmt 0 view .LVU47
 172 0034 0021     		movs	r1, #0
  23:dsp/modulation/LinearEnvelope.cpp ****         _justFinished = true;
 173              		.loc 1 23 18 view .LVU48
 174 0036 0022     		movs	r2, #0
  24:dsp/modulation/LinearEnvelope.cpp ****     }
 175              		.loc 1 24 23 view .LVU49
 176 0038 0123     		movs	r3, #1
  22:dsp/modulation/LinearEnvelope.cpp ****         _running = false;
 177              		.loc 1 22 12 view .LVU50
 178 003a 8160     		str	r1, [r0, #8]	@ float
  23:dsp/modulation/LinearEnvelope.cpp ****         _justFinished = true;
 179              		.loc 1 23 9 is_stmt 1 view .LVU51
  23:dsp/modulation/LinearEnvelope.cpp ****         _justFinished = true;
 180              		.loc 1 23 18 is_stmt 0 view .LVU52
 181 003c 80F82420 		strb	r2, [r0, #36]
  24:dsp/modulation/LinearEnvelope.cpp ****     }
 182              		.loc 1 24 9 is_stmt 1 view .LVU53
  24:dsp/modulation/LinearEnvelope.cpp ****     }
 183              		.loc 1 24 23 is_stmt 0 view .LVU54
 184 0040 0371     		strb	r3, [r0, #4]
  26:dsp/modulation/LinearEnvelope.cpp **** }
 185              		.loc 1 26 5 is_stmt 1 view .LVU55
  27:dsp/modulation/LinearEnvelope.cpp **** 
 186              		.loc 1 27 1 is_stmt 0 view .LVU56
 187 0042 7047     		bx	lr
 188              	.L6:
ARM GAS  C:\Users\digit\AppData\Local\Temp\ccnGGpzR.s 			page 6


  19:dsp/modulation/LinearEnvelope.cpp ****     }
 189              		.loc 1 19 9 is_stmt 1 view .LVU57
  26:dsp/modulation/LinearEnvelope.cpp **** }
 190              		.loc 1 26 12 is_stmt 0 view .LVU58
 191 0044 90ED000A 		vldr.32	s0, [r0]
  19:dsp/modulation/LinearEnvelope.cpp ****     }
 192              		.loc 1 19 23 view .LVU59
 193 0048 0371     		strb	r3, [r0, #4]
  21:dsp/modulation/LinearEnvelope.cpp ****         _t = 0.f;
 194              		.loc 1 21 5 is_stmt 1 view .LVU60
 195 004a 7047     		bx	lr
 196              	.L9:
  21:dsp/modulation/LinearEnvelope.cpp ****         _t = 0.f;
 197              		.loc 1 21 5 is_stmt 0 view .LVU61
 198 004c 7047     		bx	lr
 199              		.cfi_endproc
 200              	.LFE547:
 202 004e 00BF     		.section	.text._ZN14LinearEnvelope7triggerEv,"ax",%progbits
 203              		.align	1
 204              		.p2align 2,,3
 205              		.global	_ZN14LinearEnvelope7triggerEv
 206              		.syntax unified
 207              		.thumb
 208              		.thumb_func
 209              		.fpu fpv5-d16
 211              	_ZN14LinearEnvelope7triggerEv:
 212              	.LVL4:
 213              	.LFB548:
  29:dsp/modulation/LinearEnvelope.cpp ****     _t = 0.f;
 214              		.loc 1 29 32 is_stmt 1 view -0
 215              		.cfi_startproc
 216              		@ args = 0, pretend = 0, frame = 0
 217              		@ frame_needed = 0, uses_anonymous_args = 0
 218              		@ link register save eliminated.
  30:dsp/modulation/LinearEnvelope.cpp ****     _running = true;
 219              		.loc 1 30 5 view .LVU63
  30:dsp/modulation/LinearEnvelope.cpp ****     _running = true;
 220              		.loc 1 30 8 is_stmt 0 view .LVU64
 221 0000 0021     		movs	r1, #0
  31:dsp/modulation/LinearEnvelope.cpp ****     _justFinished = false;
 222              		.loc 1 31 14 view .LVU65
 223 0002 0122     		movs	r2, #1
  32:dsp/modulation/LinearEnvelope.cpp **** }
 224              		.loc 1 32 19 view .LVU66
 225 0004 0023     		movs	r3, #0
  30:dsp/modulation/LinearEnvelope.cpp ****     _running = true;
 226              		.loc 1 30 8 view .LVU67
 227 0006 8160     		str	r1, [r0, #8]	@ float
  31:dsp/modulation/LinearEnvelope.cpp ****     _justFinished = false;
 228              		.loc 1 31 5 is_stmt 1 view .LVU68
  31:dsp/modulation/LinearEnvelope.cpp ****     _justFinished = false;
 229              		.loc 1 31 14 is_stmt 0 view .LVU69
 230 0008 80F82420 		strb	r2, [r0, #36]
  32:dsp/modulation/LinearEnvelope.cpp **** }
 231              		.loc 1 32 5 is_stmt 1 view .LVU70
  32:dsp/modulation/LinearEnvelope.cpp **** }
 232              		.loc 1 32 19 is_stmt 0 view .LVU71
ARM GAS  C:\Users\digit\AppData\Local\Temp\ccnGGpzR.s 			page 7


 233 000c 0371     		strb	r3, [r0, #4]
  33:dsp/modulation/LinearEnvelope.cpp **** 
 234              		.loc 1 33 1 view .LVU72
 235 000e 7047     		bx	lr
 236              		.cfi_endproc
 237              	.LFE548:
 239              		.section	.text._ZN14LinearEnvelope17setStartEndPointsEff,"ax",%progbits
 240              		.align	1
 241              		.p2align 2,,3
 242              		.global	_ZN14LinearEnvelope17setStartEndPointsEff
 243              		.syntax unified
 244              		.thumb
 245              		.thumb_func
 246              		.fpu fpv5-d16
 248              	_ZN14LinearEnvelope17setStartEndPointsEff:
 249              	.LVL5:
 250              	.LFB549:
  35:dsp/modulation/LinearEnvelope.cpp ****     _start = startPoint;
 251              		.loc 1 35 74 is_stmt 1 view -0
 252              		.cfi_startproc
 253              		@ args = 0, pretend = 0, frame = 0
 254              		@ frame_needed = 0, uses_anonymous_args = 0
 255              		@ link register save eliminated.
  36:dsp/modulation/LinearEnvelope.cpp ****     _end = endPoint;
 256              		.loc 1 36 5 view .LVU74
 257              	.LBB28:
 258              	.LBB29:
 259              		.loc 1 53 28 is_stmt 0 view .LVU75
 260 0000 D0ED037A 		vldr.32	s15, [r0, #12]
  52:dsp/modulation/LinearEnvelope.cpp ****     _deltaT = 1.f / (_time * _sampleRate);
 261              		.loc 1 52 15 view .LVU76
 262 0004 30EEC07A 		vsub.f32	s14, s1, s0
 263              		.loc 1 53 28 view .LVU77
 264 0008 90ED086A 		vldr.32	s12, [r0, #32]
 265              		.loc 1 53 19 view .LVU78
 266 000c F7EE006A 		vmov.f32	s13, #1.0e+0
 267              	.LBE29:
 268              	.LBE28:
  36:dsp/modulation/LinearEnvelope.cpp ****     _end = endPoint;
 269              		.loc 1 36 12 view .LVU79
 270 0010 80ED060A 		vstr.32	s0, [r0, #24]
  37:dsp/modulation/LinearEnvelope.cpp ****     calculateDeltaV();
 271              		.loc 1 37 5 is_stmt 1 view .LVU80
 272              	.LBB32:
 273              	.LBB30:
 274              		.loc 1 53 28 is_stmt 0 view .LVU81
 275 0014 67EE867A 		vmul.f32	s15, s15, s12
  52:dsp/modulation/LinearEnvelope.cpp ****     _deltaT = 1.f / (_time * _sampleRate);
 276              		.loc 1 52 8 view .LVU82
 277 0018 80ED047A 		vstr.32	s14, [r0, #16]
 278              	.LBE30:
 279              	.LBE32:
  37:dsp/modulation/LinearEnvelope.cpp ****     calculateDeltaV();
 280              		.loc 1 37 10 view .LVU83
 281 001c C0ED070A 		vstr.32	s1, [r0, #28]
  38:dsp/modulation/LinearEnvelope.cpp **** }
 282              		.loc 1 38 5 is_stmt 1 view .LVU84
ARM GAS  C:\Users\digit\AppData\Local\Temp\ccnGGpzR.s 			page 8


 283              	.LVL6:
 284              	.LBB33:
 285              	.LBI28:
  51:dsp/modulation/LinearEnvelope.cpp ****     _m = _end - _start;
 286              		.loc 1 51 6 view .LVU85
 287              	.LBB31:
  52:dsp/modulation/LinearEnvelope.cpp ****     _deltaT = 1.f / (_time * _sampleRate);
 288              		.loc 1 52 5 view .LVU86
 289              		.loc 1 53 5 view .LVU87
 290              		.loc 1 53 19 is_stmt 0 view .LVU88
 291 0020 86EEA77A 		vdiv.f32	s14, s13, s15
 292              		.loc 1 53 13 view .LVU89
 293 0024 80ED057A 		vstr.32	s14, [r0, #20]
 294              	.LVL7:
 295              		.loc 1 53 13 view .LVU90
 296              	.LBE31:
 297              	.LBE33:
  39:dsp/modulation/LinearEnvelope.cpp **** 
 298              		.loc 1 39 1 view .LVU91
 299 0028 7047     		bx	lr
 300              		.cfi_endproc
 301              	.LFE549:
 303 002a 00BF     		.section	.text._ZN14LinearEnvelope7setTimeEf,"ax",%progbits
 304              		.align	1
 305              		.p2align 2,,3
 306              		.global	_ZN14LinearEnvelope7setTimeEf
 307              		.syntax unified
 308              		.thumb
 309              		.thumb_func
 310              		.fpu fpv5-d16
 312              	_ZN14LinearEnvelope7setTimeEf:
 313              	.LVL8:
 314              	.LFB550:
  41:dsp/modulation/LinearEnvelope.cpp ****     _time = time;
 315              		.loc 1 41 42 is_stmt 1 view -0
 316              		.cfi_startproc
 317              		@ args = 0, pretend = 0, frame = 0
 318              		@ frame_needed = 0, uses_anonymous_args = 0
 319              		@ link register save eliminated.
  42:dsp/modulation/LinearEnvelope.cpp ****     calculateDeltaV();
 320              		.loc 1 42 5 view .LVU93
 321              	.LBB34:
 322              	.LBB35:
 323              		.loc 1 53 28 is_stmt 0 view .LVU94
 324 0000 90ED086A 		vldr.32	s12, [r0, #32]
 325              		.loc 1 53 19 view .LVU95
 326 0004 F7EE006A 		vmov.f32	s13, #1.0e+0
 327              	.LBE35:
 328              	.LBE34:
  42:dsp/modulation/LinearEnvelope.cpp ****     calculateDeltaV();
 329              		.loc 1 42 11 view .LVU96
 330 0008 80ED030A 		vstr.32	s0, [r0, #12]
  43:dsp/modulation/LinearEnvelope.cpp **** }
 331              		.loc 1 43 5 is_stmt 1 view .LVU97
 332              	.LVL9:
 333              	.LBB37:
 334              	.LBI34:
ARM GAS  C:\Users\digit\AppData\Local\Temp\ccnGGpzR.s 			page 9


  51:dsp/modulation/LinearEnvelope.cpp ****     _m = _end - _start;
 335              		.loc 1 51 6 view .LVU98
 336              	.LBB36:
  52:dsp/modulation/LinearEnvelope.cpp ****     _deltaT = 1.f / (_time * _sampleRate);
 337              		.loc 1 52 5 view .LVU99
 338              		.loc 1 53 28 is_stmt 0 view .LVU100
 339 000c 20EE060A 		vmul.f32	s0, s0, s12
 340              	.LVL10:
  52:dsp/modulation/LinearEnvelope.cpp ****     _deltaT = 1.f / (_time * _sampleRate);
 341              		.loc 1 52 15 view .LVU101
 342 0010 90ED067A 		vldr.32	s14, [r0, #24]
 343 0014 D0ED077A 		vldr.32	s15, [r0, #28]
 344 0018 77EEC77A 		vsub.f32	s15, s15, s14
 345              		.loc 1 53 19 view .LVU102
 346 001c 86EE807A 		vdiv.f32	s14, s13, s0
  52:dsp/modulation/LinearEnvelope.cpp ****     _deltaT = 1.f / (_time * _sampleRate);
 347              		.loc 1 52 8 view .LVU103
 348 0020 C0ED047A 		vstr.32	s15, [r0, #16]
 349              		.loc 1 53 5 is_stmt 1 view .LVU104
 350              		.loc 1 53 13 is_stmt 0 view .LVU105
 351 0024 80ED057A 		vstr.32	s14, [r0, #20]
 352              	.LVL11:
 353              		.loc 1 53 13 view .LVU106
 354              	.LBE36:
 355              	.LBE37:
  44:dsp/modulation/LinearEnvelope.cpp **** 
 356              		.loc 1 44 1 view .LVU107
 357 0028 7047     		bx	lr
 358              		.cfi_endproc
 359              	.LFE550:
 361 002a 00BF     		.section	.text._ZN14LinearEnvelope13setSampleRateEf,"ax",%progbits
 362              		.align	1
 363              		.p2align 2,,3
 364              		.global	_ZN14LinearEnvelope13setSampleRateEf
 365              		.syntax unified
 366              		.thumb
 367              		.thumb_func
 368              		.fpu fpv5-d16
 370              	_ZN14LinearEnvelope13setSampleRateEf:
 371              	.LVL12:
 372              	.LFB551:
  46:dsp/modulation/LinearEnvelope.cpp ****     _sampleRate = sampleRate;
 373              		.loc 1 46 54 is_stmt 1 view -0
 374              		.cfi_startproc
 375              		@ args = 0, pretend = 0, frame = 0
 376              		@ frame_needed = 0, uses_anonymous_args = 0
 377              		@ link register save eliminated.
  47:dsp/modulation/LinearEnvelope.cpp ****     calculateDeltaV();
 378              		.loc 1 47 5 view .LVU109
 379              	.LBB38:
 380              	.LBB39:
 381              		.loc 1 53 28 is_stmt 0 view .LVU110
 382 0000 90ED036A 		vldr.32	s12, [r0, #12]
 383              		.loc 1 53 19 view .LVU111
 384 0004 F7EE006A 		vmov.f32	s13, #1.0e+0
 385              	.LBE39:
 386              	.LBE38:
ARM GAS  C:\Users\digit\AppData\Local\Temp\ccnGGpzR.s 			page 10


  47:dsp/modulation/LinearEnvelope.cpp ****     calculateDeltaV();
 387              		.loc 1 47 17 view .LVU112
 388 0008 80ED080A 		vstr.32	s0, [r0, #32]
  48:dsp/modulation/LinearEnvelope.cpp **** }
 389              		.loc 1 48 5 is_stmt 1 view .LVU113
 390              	.LVL13:
 391              	.LBB41:
 392              	.LBI38:
  51:dsp/modulation/LinearEnvelope.cpp ****     _m = _end - _start;
 393              		.loc 1 51 6 view .LVU114
 394              	.LBB40:
  52:dsp/modulation/LinearEnvelope.cpp ****     _deltaT = 1.f / (_time * _sampleRate);
 395              		.loc 1 52 5 view .LVU115
 396              		.loc 1 53 28 is_stmt 0 view .LVU116
 397 000c 20EE060A 		vmul.f32	s0, s0, s12
 398              	.LVL14:
  52:dsp/modulation/LinearEnvelope.cpp ****     _deltaT = 1.f / (_time * _sampleRate);
 399              		.loc 1 52 15 view .LVU117
 400 0010 90ED067A 		vldr.32	s14, [r0, #24]
 401 0014 D0ED077A 		vldr.32	s15, [r0, #28]
 402 0018 77EEC77A 		vsub.f32	s15, s15, s14
 403              		.loc 1 53 19 view .LVU118
 404 001c 86EE807A 		vdiv.f32	s14, s13, s0
  52:dsp/modulation/LinearEnvelope.cpp ****     _deltaT = 1.f / (_time * _sampleRate);
 405              		.loc 1 52 8 view .LVU119
 406 0020 C0ED047A 		vstr.32	s15, [r0, #16]
 407              		.loc 1 53 5 is_stmt 1 view .LVU120
 408              		.loc 1 53 13 is_stmt 0 view .LVU121
 409 0024 80ED057A 		vstr.32	s14, [r0, #20]
 410              	.LVL15:
 411              		.loc 1 53 13 view .LVU122
 412              	.LBE40:
 413              	.LBE41:
  49:dsp/modulation/LinearEnvelope.cpp **** 
 414              		.loc 1 49 1 view .LVU123
 415 0028 7047     		bx	lr
 416              		.cfi_endproc
 417              	.LFE551:
 419 002a 00BF     		.section	.text._ZN14LinearEnvelope15calculateDeltaVEv,"ax",%progbits
 420              		.align	1
 421              		.p2align 2,,3
 422              		.global	_ZN14LinearEnvelope15calculateDeltaVEv
 423              		.syntax unified
 424              		.thumb
 425              		.thumb_func
 426              		.fpu fpv5-d16
 428              	_ZN14LinearEnvelope15calculateDeltaVEv:
 429              	.LVL16:
 430              	.LFB552:
  51:dsp/modulation/LinearEnvelope.cpp ****     _m = _end - _start;
 431              		.loc 1 51 40 is_stmt 1 view -0
 432              		.cfi_startproc
 433              		@ args = 0, pretend = 0, frame = 0
 434              		@ frame_needed = 0, uses_anonymous_args = 0
 435              		@ link register save eliminated.
  52:dsp/modulation/LinearEnvelope.cpp ****     _deltaT = 1.f / (_time * _sampleRate);
 436              		.loc 1 52 5 view .LVU125
ARM GAS  C:\Users\digit\AppData\Local\Temp\ccnGGpzR.s 			page 11


 437              		.loc 1 53 28 is_stmt 0 view .LVU126
 438 0000 90ED037A 		vldr.32	s14, [r0, #12]
 439              		.loc 1 53 19 view .LVU127
 440 0004 B7EE006A 		vmov.f32	s12, #1.0e+0
 441              		.loc 1 53 28 view .LVU128
 442 0008 D0ED085A 		vldr.32	s11, [r0, #32]
  52:dsp/modulation/LinearEnvelope.cpp ****     _deltaT = 1.f / (_time * _sampleRate);
 443              		.loc 1 52 15 view .LVU129
 444 000c D0ED066A 		vldr.32	s13, [r0, #24]
 445              		.loc 1 53 28 view .LVU130
 446 0010 27EE257A 		vmul.f32	s14, s14, s11
  52:dsp/modulation/LinearEnvelope.cpp ****     _deltaT = 1.f / (_time * _sampleRate);
 447              		.loc 1 52 15 view .LVU131
 448 0014 D0ED077A 		vldr.32	s15, [r0, #28]
 449 0018 77EEE67A 		vsub.f32	s15, s15, s13
 450              		.loc 1 53 19 view .LVU132
 451 001c C6EE076A 		vdiv.f32	s13, s12, s14
  52:dsp/modulation/LinearEnvelope.cpp ****     _deltaT = 1.f / (_time * _sampleRate);
 452              		.loc 1 52 8 view .LVU133
 453 0020 C0ED047A 		vstr.32	s15, [r0, #16]
 454              		.loc 1 53 5 is_stmt 1 view .LVU134
 455              		.loc 1 53 13 is_stmt 0 view .LVU135
 456 0024 C0ED056A 		vstr.32	s13, [r0, #20]
  54:dsp/modulation/LinearEnvelope.cpp **** }
 457              		.loc 1 54 1 view .LVU136
 458 0028 7047     		bx	lr
 459              		.cfi_endproc
 460              	.LFE552:
 462 002a 00BF     		.text
 463              	.Letext0:
 464              		.file 2 "c:\\program files\\daisytoolchain\\arm-none-eabi\\include\\c++\\10.2.1\\cmath"
 465              		.file 3 "c:\\program files\\daisytoolchain\\arm-none-eabi\\include\\c++\\10.2.1\\bits\\std_abs.h"
 466              		.file 4 "c:\\program files\\daisytoolchain\\arm-none-eabi\\include\\c++\\10.2.1\\arm-none-eabi\\th
 467              		.file 5 "c:\\program files\\daisytoolchain\\arm-none-eabi\\include\\math.h"
 468              		.file 6 "c:\\program files\\daisytoolchain\\arm-none-eabi\\include\\c++\\10.2.1\\math.h"
 469              		.file 7 "dsp/modulation/LinearEnvelope.hpp"
 470              		.file 8 "<built-in>"
ARM GAS  C:\Users\digit\AppData\Local\Temp\ccnGGpzR.s 			page 12


DEFINED SYMBOLS
                            *ABS*:00000000 LinearEnvelope.cpp
C:\Users\digit\AppData\Local\Temp\ccnGGpzR.s:17     .text._ZN14LinearEnvelopeC2Ev:00000000 $t
C:\Users\digit\AppData\Local\Temp\ccnGGpzR.s:26     .text._ZN14LinearEnvelopeC2Ev:00000000 _ZN14LinearEnvelopeC2Ev
C:\Users\digit\AppData\Local\Temp\ccnGGpzR.s:119    .text._ZN14LinearEnvelopeC2Ev:0000002c $d
C:\Users\digit\AppData\Local\Temp\ccnGGpzR.s:26     .text._ZN14LinearEnvelopeC2Ev:00000000 _ZN14LinearEnvelopeC1Ev
C:\Users\digit\AppData\Local\Temp\ccnGGpzR.s:127    .text._ZN14LinearEnvelope7processEv:00000000 $t
C:\Users\digit\AppData\Local\Temp\ccnGGpzR.s:135    .text._ZN14LinearEnvelope7processEv:00000000 _ZN14LinearEnvelope7processEv
C:\Users\digit\AppData\Local\Temp\ccnGGpzR.s:203    .text._ZN14LinearEnvelope7triggerEv:00000000 $t
C:\Users\digit\AppData\Local\Temp\ccnGGpzR.s:211    .text._ZN14LinearEnvelope7triggerEv:00000000 _ZN14LinearEnvelope7triggerEv
C:\Users\digit\AppData\Local\Temp\ccnGGpzR.s:240    .text._ZN14LinearEnvelope17setStartEndPointsEff:00000000 $t
C:\Users\digit\AppData\Local\Temp\ccnGGpzR.s:248    .text._ZN14LinearEnvelope17setStartEndPointsEff:00000000 _ZN14LinearEnvelope17setStartEndPointsEff
C:\Users\digit\AppData\Local\Temp\ccnGGpzR.s:304    .text._ZN14LinearEnvelope7setTimeEf:00000000 $t
C:\Users\digit\AppData\Local\Temp\ccnGGpzR.s:312    .text._ZN14LinearEnvelope7setTimeEf:00000000 _ZN14LinearEnvelope7setTimeEf
C:\Users\digit\AppData\Local\Temp\ccnGGpzR.s:362    .text._ZN14LinearEnvelope13setSampleRateEf:00000000 $t
C:\Users\digit\AppData\Local\Temp\ccnGGpzR.s:370    .text._ZN14LinearEnvelope13setSampleRateEf:00000000 _ZN14LinearEnvelope13setSampleRateEf
C:\Users\digit\AppData\Local\Temp\ccnGGpzR.s:420    .text._ZN14LinearEnvelope15calculateDeltaVEv:00000000 $t
C:\Users\digit\AppData\Local\Temp\ccnGGpzR.s:428    .text._ZN14LinearEnvelope15calculateDeltaVEv:00000000 _ZN14LinearEnvelope15calculateDeltaVEv

NO UNDEFINED SYMBOLS
